Open On-Chip Debugger 0.12.0-rc2+dev-00002-g3ca7bc735-dirty (2023-04-29-21:47)
Licensed under GNU GPL v2
For bug reports, read
        http://openocd.org/doc/doxygen/bugs.html
Info : clock speed 100 kHz
+--------------------------------------------------------+
|                                                        |
|   **********   Rock Python Kernel 0.211   **********   |
|                                                        |
+--------------------------------------------------------+
ftdi set_signal nTRST 0
ftdi set_signal nTRST 1
jtag newtap EROT TAP -irlen 10 -enable
irscan, 10 bits, scan in 0x0018
TDO = 03f5
drscan, 19 bits, scan in 0x000000
TDO = 040080
irscan, 16 bits, scan in 0x0600
TDO = fd07
drscan, 19 bits, scan in 0x000080
TDO = 000000
irscan, 16 bits, scan in 0x0520
TDO = fd07
irscan, 25 bits, scan in 0x00121520
TDO = 0120fd07
drscan, 11 bits, scan in 0x0620
TDO = 000f
drscan, 129 bits, scan in 0x0009600000000000000003000000000220
TDO = 0000000000000000018000000001100067
irscan, 25 bits, scan in 0x00128280
TDO = 007ebfaf
drscan, 9 bits, scan in 0x000b
TDO = 00b7
irscan, 10 bits, scan in 0x0021
TDO = 0217
drscan, 17 bits, scan in 0x01ffff
TDO = 01fff7
irscan, 10 bits, scan in 0x0014
TDO = 014f
irscan, 16 bits, scan in 0x8d00
TDO = fd07
drscan, 85 bits, scan in 0x0000000000000000000000
TDO = 000000000000080fe00660
irscan, 16 bits, scan in 0x0900
TDO = fd07
drscan, 7 bits, scan in 0x40
TDO = 07
drscan, 15 bits, scan in 0x0240
TDO = 02e7
irscan, 16 bits, scan in 0x0530
TDO = fd07
irscan, 34 bits, scan in 0x0014364d90
TDO = 0321fa3f57
drscan, 13 bits, scan in 0x1ff0
TDO = 1867
irscan, 34 bits, scan in 0x03e5f97e50
TDO = 03f47effaf
irscan, 10 bits, scan in 0x03e5
TDO = 025f
drscan, 21 bits, scan in 0x000000
TDO = 1fffff